<?xml version="1.0" encoding="UTF-8"?>
<!-- Generated by org.testng.reporters.JUnitReportReporter -->
<testsuite hostname="ojas-dd503" failures="0" tests="2" name="RestAssured.RequestSpecificationConcept" time="3.785" errors="0" timestamp="2022-07-07T18:07:30 IST" skipped="0">
  <testcase classname="RestAssured.RequestSpecificationConcept" name="request_specification" time="2.279"/>
  <system-out/>
  <testcase classname="RestAssured.RequestSpecificationConcept" name="reuse_request_specification" time="1.506"/>
  <system-out/>
</testsuite> <!-- RestAssured.RequestSpecificationConcept -->
