<?xml version="1.0" encoding="UTF-8"?>
<!-- Generated by org.testng.reporters.JUnitReportReporter -->
<testsuite hostname="ojas-dd503" failures="0" tests="1" name="RestAssured.GetRequestAutomate" time="4.018" errors="0" timestamp="2022-07-12T16:23:49 IST" skipped="0">
  <testcase classname="RestAssured.GetRequestAutomate" name="validate_get_status_code" time="4.018"/>
  <system-out/>
</testsuite> <!-- RestAssured.GetRequestAutomate -->
