<?xml version="1.0" encoding="UTF-8"?>
<!-- Generated by org.testng.reporters.JUnitReportReporter -->
<testsuite hostname="ojas-dd503" failures="0" tests="1" name="RestAssured.SimplePojo" time="2.828" errors="0" timestamp="2022-07-15T10:26:48 IST" skipped="0">
  <testcase classname="RestAssured.SimplePojo" name="simple_pojo_serialized" time="2.828"/>
  <system-out/>
</testsuite> <!-- RestAssured.SimplePojo -->
