<?xml version="1.0" encoding="UTF-8"?>
<!-- Generated by org.testng.reporters.JUnitReportReporter -->
<testsuite hostname="ojas-dd503" failures="0" tests="1" name="RestAssured.FiltersSample" time="3.165" errors="0" timestamp="2022-07-13T14:57:23 IST" skipped="0">
  <testcase classname="RestAssured.FiltersSample" name="log_to_file" time="3.165"/>
  <system-out/>
</testsuite> <!-- RestAssured.FiltersSample -->
